<?xml version="1.0" encoding="UTF-8"?>
<!-- Generated by org.testng.reporters.JUnitXMLReporter -->
<testsuite ignored="4" hostname="Lenovo-PC" failures="0" tests="4" name="Test" time="0.078" errors="0" timestamp="2022-06-09T21:39:42 IST">
  <testcase classname="Com.CRM.Accounts.GroupingExecution" name="ft1" time="0.012"/>
  <testcase classname="Com.CRM.Accounts.GroupingExecution" name="ft2" time="0.002"/>
  <testcase classname="Com.CRM.Accounts.GroupingExecution" name="it1" time="0.001"/>
  <testcase classname="Com.CRM.Accounts.GroupingExecution" name="it2" time="0.001"/>
  <testcase classname="Com.CRM.Accounts.GroupingExecution" name="smoke1" time="0.0">
    <ignored/>
  </testcase> <!-- smoke1 -->
  <testcase classname="Com.CRM.Accounts.GroupingExecution" name="smoke3" time="0.0">
    <ignored/>
  </testcase> <!-- smoke3 -->
  <testcase classname="Com.CRM.Accounts.GroupingExecution" name="smoke4" time="0.0">
    <ignored/>
  </testcase> <!-- smoke4 -->
  <testcase classname="Com.CRM.Accounts.GroupingExecution" name="smoke2" time="0.0">
    <ignored/>
  </testcase> <!-- smoke2 -->
</testsuite> <!-- Test -->
