<?xml version="1.0" encoding="UTF-8"?>
<testng-results ignored="4" total="8" passed="4" failed="0" skipped="0">
  <reporter-output>
    <line>
      <![CDATA[ft1]]>
    </line>
    <line>
      <![CDATA[ft2]]>
    </line>
    <line>
      <![CDATA[it1]]>
    </line>
    <line>
      <![CDATA[it2]]>
    </line>
  </reporter-output>
  <suite started-at="2022-06-09T21:39:42 IST" name="Suite" finished-at="2022-06-09T21:39:42 IST" duration-ms="78">
    <groups>
      <group name="ftgrp">
        <method signature="GroupingExecution.ft1()[pri:0, instance:Com.CRM.Accounts.GroupingExecution@65466a6a]" name="ft1" class="Com.CRM.Accounts.GroupingExecution"/>
        <method signature="GroupingExecution.ft2()[pri:0, instance:Com.CRM.Accounts.GroupingExecution@65466a6a]" name="ft2" class="Com.CRM.Accounts.GroupingExecution"/>
      </group> <!-- ftgrp -->
      <group name="itgrp">
        <method signature="GroupingExecution.it1()[pri:0, instance:Com.CRM.Accounts.GroupingExecution@65466a6a]" name="it1" class="Com.CRM.Accounts.GroupingExecution"/>
        <method signature="GroupingExecution.it2()[pri:0, instance:Com.CRM.Accounts.GroupingExecution@65466a6a]" name="it2" class="Com.CRM.Accounts.GroupingExecution"/>
      </group> <!-- itgrp -->
    </groups>
    <test started-at="2022-06-09T21:39:42 IST" name="Test" finished-at="2022-06-09T21:39:42 IST" duration-ms="78">
      <class name="Com.CRM.Accounts.GroupingExecution">
        <test-method signature="ft1()[pri:0, instance:Com.CRM.Accounts.GroupingExecution@65466a6a]" started-at="2022-06-09T21:39:42 IST" name="ft1" finished-at="2022-06-09T21:39:42 IST" duration-ms="12" status="PASS">
          <reporter-output>
            <line>
              <![CDATA[ft1]]>
            </line>
          </reporter-output>
        </test-method> <!-- ft1 -->
        <test-method signature="ft2()[pri:0, instance:Com.CRM.Accounts.GroupingExecution@65466a6a]" started-at="2022-06-09T21:39:42 IST" name="ft2" finished-at="2022-06-09T21:39:42 IST" duration-ms="2" status="PASS">
          <reporter-output>
            <line>
              <![CDATA[ft2]]>
            </line>
          </reporter-output>
        </test-method> <!-- ft2 -->
        <test-method signature="it1()[pri:0, instance:Com.CRM.Accounts.GroupingExecution@65466a6a]" started-at="2022-06-09T21:39:42 IST" name="it1" finished-at="2022-06-09T21:39:42 IST" duration-ms="1" status="PASS">
          <reporter-output>
            <line>
              <![CDATA[it1]]>
            </line>
          </reporter-output>
        </test-method> <!-- it1 -->
        <test-method signature="it2()[pri:0, instance:Com.CRM.Accounts.GroupingExecution@65466a6a]" started-at="2022-06-09T21:39:42 IST" name="it2" finished-at="2022-06-09T21:39:42 IST" duration-ms="1" status="PASS">
          <reporter-output>
            <line>
              <![CDATA[it2]]>
            </line>
          </reporter-output>
        </test-method> <!-- it2 -->
      </class> <!-- Com.CRM.Accounts.GroupingExecution -->
    </test> <!-- Test -->
  </suite> <!-- Suite -->
</testng-results>
